TN:
SF:src/firebase.tsx
FNF:0
FNH:0
DA:2,1
DA:4,1
DA:5,1
DA:11,1
DA:22,1
DA:26,1
DA:27,1
DA:29,1
LF:8
LH:8
BRF:0
BRH:0
end_of_record
TN:
SF:src/Component/ReactCSVDownloader.tsx
FN:6,ReactCSVDownloader
FN:7,(anonymous_1)
FN:16,(anonymous_2)
FN:21,(anonymous_3)
FN:25,(anonymous_4)
FNF:5
FNH:3
FNDA:5,ReactCSVDownloader
FNDA:0,(anonymous_1)
FNDA:1,(anonymous_2)
FNDA:1,(anonymous_3)
FNDA:0,(anonymous_4)
DA:1,1
DA:3,1
DA:4,1
DA:6,1
DA:7,5
DA:13,5
DA:14,5
DA:16,5
DA:17,1
DA:18,1
DA:21,5
DA:22,1
DA:23,1
DA:25,1
DA:27,0
DA:31,5
LF:16
LH:15
BRDA:22,0,0,1
BRF:1
BRH:1
end_of_record
TN:
SF:src/Component/ReactCSVSaver.tsx
FN:18,ReactCSVSaver
FN:19,(anonymous_1)
FN:28,(anonymous_2)
FN:34,(anonymous_3)
FN:40,(anonymous_4)
FN:67,(anonymous_5)
FNF:6
FNH:4
FNDA:5,ReactCSVSaver
FNDA:0,(anonymous_1)
FNDA:1,(anonymous_2)
FNDA:1,(anonymous_3)
FNDA:0,(anonymous_4)
FNDA:1,(anonymous_5)
DA:1,1
DA:2,1
DA:3,1
DA:4,1
DA:5,1
DA:18,1
DA:19,5
DA:25,5
DA:26,5
DA:28,5
DA:31,1
DA:34,5
DA:35,1
DA:36,1
DA:40,5
DA:41,0
DA:42,0
DA:43,0
DA:44,0
DA:45,0
DA:46,0
DA:50,0
DA:51,0
DA:52,0
DA:53,0
DA:58,0
DA:60,0
DA:63,0
DA:67,5
DA:68,1
DA:69,1
DA:70,0
DA:71,0
DA:74,5
LF:34
LH:19
BRDA:35,0,0,1
BRDA:43,1,0,0
BRDA:43,1,1,0
BRF:3
BRH:1
end_of_record
TN:
SF:src/Component/sum.tsx
FN:1,sum
FNF:1
FNH:1
FNDA:1,sum
DA:1,1
DA:2,1
LF:2
LH:2
BRF:0
BRH:0
end_of_record
